<?xml version="1.0" encoding="UTF-8"?>
<testsuite xmlns:xsi="http://www.w3.org/2001/XMLSchema-instance" xsi:noNamespaceSchemaLocation="https://maven.apache.org/surefire/maven-surefire-plugin/xsd/surefire-test-report.xsd" name="com.iot.parking.LotServletTest" time="0.401" tests="1" errors="0" skipped="0" failures="1">
  <properties>
    <property name="java.specification.version" value="15"/>
    <property name="sun.jnu.encoding" value="UTF-8"/>
    <property name="java.class.path" value="/Users/stijnkamp/Documents/TUe/2IMN15 - Internet of things/Practical/Leshan/ParkingSystem/parking-system-server/target/test-classes:/Users/stijnkamp/Documents/TUe/2IMN15 - Internet of things/Practical/Leshan/ParkingSystem/parking-system-server/target/classes:/Users/stijnkamp/.m2/repository/org/eclipse/leshan/leshan-server-cf/1.3.0/leshan-server-cf-1.3.0.jar:/Users/stijnkamp/.m2/repository/org/eclipse/leshan/leshan-core-cf/1.3.0/leshan-core-cf-1.3.0.jar:/Users/stijnkamp/.m2/repository/org/eclipse/leshan/leshan-core/1.3.0/leshan-core-1.3.0.jar:/Users/stijnkamp/.m2/repository/com/eclipsesource/minimal-json/minimal-json/0.9.5/minimal-json-0.9.5.jar:/Users/stijnkamp/.m2/repository/org/eclipse/leshan/leshan-server-core/1.3.0/leshan-server-core-1.3.0.jar:/Users/stijnkamp/.m2/repository/org/eclipse/californium/californium-core/2.6.0/californium-core-2.6.0.jar:/Users/stijnkamp/.m2/repository/org/eclipse/californium/californium-legal/2.6.0/californium-legal-2.6.0.jar:/Users/stijnkamp/.m2/repository/org/eclipse/californium/element-connector/2.6.0/element-connector-2.6.0.jar:/Users/stijnkamp/.m2/repository/org/eclipse/californium/scandium/2.6.0/scandium-2.6.0.jar:/Users/stijnkamp/.m2/repository/org/eclipse/jetty/jetty-webapp/9.4.35.v20201120/jetty-webapp-9.4.35.v20201120.jar:/Users/stijnkamp/.m2/repository/org/eclipse/jetty/jetty-xml/9.4.35.v20201120/jetty-xml-9.4.35.v20201120.jar:/Users/stijnkamp/.m2/repository/org/eclipse/jetty/jetty-servlet/9.4.35.v20201120/jetty-servlet-9.4.35.v20201120.jar:/Users/stijnkamp/.m2/repository/org/eclipse/jetty/jetty-security/9.4.35.v20201120/jetty-security-9.4.35.v20201120.jar:/Users/stijnkamp/.m2/repository/org/eclipse/jetty/jetty-server/9.4.35.v20201120/jetty-server-9.4.35.v20201120.jar:/Users/stijnkamp/.m2/repository/javax/servlet/javax.servlet-api/3.1.0/javax.servlet-api-3.1.0.jar:/Users/stijnkamp/.m2/repository/org/eclipse/jetty/jetty-util-ajax/9.4.35.v20201120/jetty-util-ajax-9.4.35.v20201120.jar:/Users/stijnkamp/.m2/repository/org/eclipse/jetty/jetty-servlets/9.4.35.v20201120/jetty-servlets-9.4.35.v20201120.jar:/Users/stijnkamp/.m2/repository/org/eclipse/jetty/jetty-continuation/9.4.35.v20201120/jetty-continuation-9.4.35.v20201120.jar:/Users/stijnkamp/.m2/repository/org/eclipse/jetty/jetty-http/9.4.35.v20201120/jetty-http-9.4.35.v20201120.jar:/Users/stijnkamp/.m2/repository/org/eclipse/jetty/jetty-util/9.4.35.v20201120/jetty-util-9.4.35.v20201120.jar:/Users/stijnkamp/.m2/repository/org/eclipse/jetty/jetty-io/9.4.35.v20201120/jetty-io-9.4.35.v20201120.jar:/Users/stijnkamp/.m2/repository/org/eclipse/jetty/jetty-plus/9.2.11.v20150529/jetty-plus-9.2.11.v20150529.jar:/Users/stijnkamp/.m2/repository/org/eclipse/jetty/jetty-jndi/9.2.11.v20150529/jetty-jndi-9.2.11.v20150529.jar:/Users/stijnkamp/.m2/repository/mysql/mysql-connector-java/5.1.45/mysql-connector-java-5.1.45.jar:/Users/stijnkamp/.m2/repository/org/apache/httpcomponents/httpclient/4.5.13/httpclient-4.5.13.jar:/Users/stijnkamp/.m2/repository/org/apache/httpcomponents/httpcore/4.4.13/httpcore-4.4.13.jar:/Users/stijnkamp/.m2/repository/commons-logging/commons-logging/1.2/commons-logging-1.2.jar:/Users/stijnkamp/.m2/repository/commons-codec/commons-codec/1.11/commons-codec-1.11.jar:/Users/stijnkamp/.m2/repository/com/google/code/gson/gson/2.8.6/gson-2.8.6.jar:/Users/stijnkamp/.m2/repository/org/slf4j/slf4j-simple/1.7.30/slf4j-simple-1.7.30.jar:/Users/stijnkamp/.m2/repository/org/slf4j/slf4j-api/1.7.30/slf4j-api-1.7.30.jar:/Users/stijnkamp/.m2/repository/junit/junit/4.11/junit-4.11.jar:/Users/stijnkamp/.m2/repository/org/hamcrest/hamcrest-core/1.3/hamcrest-core-1.3.jar:"/>
    <property name="java.vm.vendor" value="Oracle Corporation"/>
    <property name="sun.arch.data.model" value="64"/>
    <property name="java.vendor.url" value="https://java.oracle.com/"/>
    <property name="os.name" value="Mac OS X"/>
    <property name="java.vm.specification.version" value="15"/>
    <property name="sun.java.launcher" value="SUN_STANDARD"/>
    <property name="user.country" value="NL"/>
    <property name="sun.boot.library.path" value="/Library/Java/JavaVirtualMachines/jdk-15.0.1.jdk/Contents/Home/lib"/>
    <property name="sun.java.command" value="/Users/stijnkamp/Documents/TUe/2IMN15 - Internet of things/Practical/Leshan/ParkingSystem/parking-system-server/target/surefire/surefirebooter18093587173717707131.jar /Users/stijnkamp/Documents/TUe/2IMN15 - Internet of things/Practical/Leshan/ParkingSystem/parking-system-server/target/surefire 2021-01-08T16-39-51_796-jvmRun1 surefire3588933347592779794tmp surefire_010563551852104087001tmp"/>
    <property name="http.nonProxyHosts" value="local|*.local|169.254/16|*.169.254/16"/>
    <property name="jdk.debug" value="release"/>
    <property name="surefire.test.class.path" value="/Users/stijnkamp/Documents/TUe/2IMN15 - Internet of things/Practical/Leshan/ParkingSystem/parking-system-server/target/test-classes:/Users/stijnkamp/Documents/TUe/2IMN15 - Internet of things/Practical/Leshan/ParkingSystem/parking-system-server/target/classes:/Users/stijnkamp/.m2/repository/org/eclipse/leshan/leshan-server-cf/1.3.0/leshan-server-cf-1.3.0.jar:/Users/stijnkamp/.m2/repository/org/eclipse/leshan/leshan-core-cf/1.3.0/leshan-core-cf-1.3.0.jar:/Users/stijnkamp/.m2/repository/org/eclipse/leshan/leshan-core/1.3.0/leshan-core-1.3.0.jar:/Users/stijnkamp/.m2/repository/com/eclipsesource/minimal-json/minimal-json/0.9.5/minimal-json-0.9.5.jar:/Users/stijnkamp/.m2/repository/org/eclipse/leshan/leshan-server-core/1.3.0/leshan-server-core-1.3.0.jar:/Users/stijnkamp/.m2/repository/org/eclipse/californium/californium-core/2.6.0/californium-core-2.6.0.jar:/Users/stijnkamp/.m2/repository/org/eclipse/californium/californium-legal/2.6.0/californium-legal-2.6.0.jar:/Users/stijnkamp/.m2/repository/org/eclipse/californium/element-connector/2.6.0/element-connector-2.6.0.jar:/Users/stijnkamp/.m2/repository/org/eclipse/californium/scandium/2.6.0/scandium-2.6.0.jar:/Users/stijnkamp/.m2/repository/org/eclipse/jetty/jetty-webapp/9.4.35.v20201120/jetty-webapp-9.4.35.v20201120.jar:/Users/stijnkamp/.m2/repository/org/eclipse/jetty/jetty-xml/9.4.35.v20201120/jetty-xml-9.4.35.v20201120.jar:/Users/stijnkamp/.m2/repository/org/eclipse/jetty/jetty-servlet/9.4.35.v20201120/jetty-servlet-9.4.35.v20201120.jar:/Users/stijnkamp/.m2/repository/org/eclipse/jetty/jetty-security/9.4.35.v20201120/jetty-security-9.4.35.v20201120.jar:/Users/stijnkamp/.m2/repository/org/eclipse/jetty/jetty-server/9.4.35.v20201120/jetty-server-9.4.35.v20201120.jar:/Users/stijnkamp/.m2/repository/javax/servlet/javax.servlet-api/3.1.0/javax.servlet-api-3.1.0.jar:/Users/stijnkamp/.m2/repository/org/eclipse/jetty/jetty-util-ajax/9.4.35.v20201120/jetty-util-ajax-9.4.35.v20201120.jar:/Users/stijnkamp/.m2/repository/org/eclipse/jetty/jetty-servlets/9.4.35.v20201120/jetty-servlets-9.4.35.v20201120.jar:/Users/stijnkamp/.m2/repository/org/eclipse/jetty/jetty-continuation/9.4.35.v20201120/jetty-continuation-9.4.35.v20201120.jar:/Users/stijnkamp/.m2/repository/org/eclipse/jetty/jetty-http/9.4.35.v20201120/jetty-http-9.4.35.v20201120.jar:/Users/stijnkamp/.m2/repository/org/eclipse/jetty/jetty-util/9.4.35.v20201120/jetty-util-9.4.35.v20201120.jar:/Users/stijnkamp/.m2/repository/org/eclipse/jetty/jetty-io/9.4.35.v20201120/jetty-io-9.4.35.v20201120.jar:/Users/stijnkamp/.m2/repository/org/eclipse/jetty/jetty-plus/9.2.11.v20150529/jetty-plus-9.2.11.v20150529.jar:/Users/stijnkamp/.m2/repository/org/eclipse/jetty/jetty-jndi/9.2.11.v20150529/jetty-jndi-9.2.11.v20150529.jar:/Users/stijnkamp/.m2/repository/mysql/mysql-connector-java/5.1.45/mysql-connector-java-5.1.45.jar:/Users/stijnkamp/.m2/repository/org/apache/httpcomponents/httpclient/4.5.13/httpclient-4.5.13.jar:/Users/stijnkamp/.m2/repository/org/apache/httpcomponents/httpcore/4.4.13/httpcore-4.4.13.jar:/Users/stijnkamp/.m2/repository/commons-logging/commons-logging/1.2/commons-logging-1.2.jar:/Users/stijnkamp/.m2/repository/commons-codec/commons-codec/1.11/commons-codec-1.11.jar:/Users/stijnkamp/.m2/repository/com/google/code/gson/gson/2.8.6/gson-2.8.6.jar:/Users/stijnkamp/.m2/repository/org/slf4j/slf4j-simple/1.7.30/slf4j-simple-1.7.30.jar:/Users/stijnkamp/.m2/repository/org/slf4j/slf4j-api/1.7.30/slf4j-api-1.7.30.jar:/Users/stijnkamp/.m2/repository/junit/junit/4.11/junit-4.11.jar:/Users/stijnkamp/.m2/repository/org/hamcrest/hamcrest-core/1.3/hamcrest-core-1.3.jar:"/>
    <property name="sun.cpu.endian" value="little"/>
    <property name="user.home" value="/Users/stijnkamp"/>
    <property name="user.language" value="en"/>
    <property name="java.specification.vendor" value="Oracle Corporation"/>
    <property name="java.version.date" value="2020-10-20"/>
    <property name="java.home" value="/Library/Java/JavaVirtualMachines/jdk-15.0.1.jdk/Contents/Home"/>
    <property name="file.separator" value="/"/>
    <property name="basedir" value="/Users/stijnkamp/Documents/TUe/2IMN15 - Internet of things/Practical/Leshan/ParkingSystem/parking-system-server"/>
    <property name="java.vm.compressedOopsMode" value="Zero based"/>
    <property name="line.separator" value="&#10;"/>
    <property name="java.specification.name" value="Java Platform API Specification"/>
    <property name="java.vm.specification.vendor" value="Oracle Corporation"/>
    <property name="surefire.real.class.path" value="/Users/stijnkamp/Documents/TUe/2IMN15 - Internet of things/Practical/Leshan/ParkingSystem/parking-system-server/target/surefire/surefirebooter18093587173717707131.jar"/>
    <property name="sun.management.compiler" value="HotSpot 64-Bit Tiered Compilers"/>
    <property name="ftp.nonProxyHosts" value="local|*.local|169.254/16|*.169.254/16"/>
    <property name="java.runtime.version" value="15.0.1+9-18"/>
    <property name="user.name" value="stijnkamp"/>
    <property name="path.separator" value=":"/>
    <property name="os.version" value="10.15.7"/>
    <property name="java.runtime.name" value="Java(TM) SE Runtime Environment"/>
    <property name="file.encoding" value="UTF-8"/>
    <property name="java.vm.name" value="Java HotSpot(TM) 64-Bit Server VM"/>
    <property name="localRepository" value="/Users/stijnkamp/.m2/repository"/>
    <property name="java.vendor.url.bug" value="https://bugreport.java.com/bugreport/"/>
    <property name="java.io.tmpdir" value="/var/folders/6d/nzylwxjd0qx3hmjd6p4xqrnr0000gn/T/"/>
    <property name="java.version" value="15.0.1"/>
    <property name="user.dir" value="/Users/stijnkamp/Documents/TUe/2IMN15 - Internet of things/Practical/Leshan/ParkingSystem/parking-system-server"/>
    <property name="os.arch" value="x86_64"/>
    <property name="java.vm.specification.name" value="Java Virtual Machine Specification"/>
    <property name="java.library.path" value="/Users/stijnkamp/Library/Java/Extensions:/Library/Java/Extensions:/Network/Library/Java/Extensions:/System/Library/Java/Extensions:/usr/lib/java:."/>
    <property name="java.vm.info" value="mixed mode, sharing"/>
    <property name="java.vendor" value="Oracle Corporation"/>
    <property name="java.vm.version" value="15.0.1+9-18"/>
    <property name="sun.io.unicode.encoding" value="UnicodeBig"/>
    <property name="socksNonProxyHosts" value="local|*.local|169.254/16|*.169.254/16"/>
    <property name="java.class.version" value="59.0"/>
  </properties>
  <testcase name="testLotRequest" classname="com.iot.parking.LotServletTest" time="0.401">
    <failure message="Lots request&#10;Expected: is &lt;200&gt;&#10;     but: was &lt;503&gt;" type="java.lang.AssertionError"><![CDATA[java.lang.AssertionError: 
Lots request
Expected: is <200>
     but: was <503>
	at com.iot.parking.LotServletTest.testLotRequest(LotServletTest.java:26)
]]></failure>
  </testcase>
</testsuite>